<?xml version="1.0" encoding="UTF-8"?>
<testng-results ignored="0" total="1" passed="1" failed="0" skipped="0">
  <reporter-output>
  </reporter-output>
  <suite started-at="2024-05-26T01:43:36 GMT-04:00" name="Default suite" finished-at="2024-05-26T01:43:37 GMT-04:00" duration-ms="93">
    <groups>
    </groups>
    <test started-at="2024-05-26T01:43:36 GMT-04:00" name="Default test" finished-at="2024-05-26T01:43:37 GMT-04:00" duration-ms="93">
      <class name="testcases.Check">
        <test-method signature="forprac()[pri:0, instance:testcases.Check@26d9b808]" started-at="2024-05-26T01:43:37 GMT-04:00" name="forprac" finished-at="2024-05-26T01:43:37 GMT-04:00" duration-ms="13" status="PASS">
          <reporter-output>
          </reporter-output>
        </test-method> <!-- forprac -->
      </class> <!-- testcases.Check -->
    </test> <!-- Default test -->
  </suite> <!-- Default suite -->
</testng-results>
